<?xml version="1.0" encoding="UTF-8"?>
<!-- Generated by org.testng.reporters.JUnitReportReporter -->
<testsuite hostname="QA_Arun_DNS" failures="0" tests="1" name="com.tests.LumiTest" time="116.702" errors="0" timestamp="2024-05-14T11:16:20 IST" skipped="0">
  <testcase classname="com.tests.LumiTest" name="Lumitest" time="116.702"/>
</testsuite> <!-- com.tests.LumiTest -->
