<?xml version="1.0" encoding="UTF-8"?>
<!-- Generated by org.testng.reporters.JUnitReportReporter -->
<testsuite hostname="QA_Arun_DNS" failures="0" tests="2" name="com.tests.LoginTest" time="11.498" errors="0" timestamp="2024-05-03T11:53:57 IST" skipped="0">
  <testcase classname="com.tests.LoginTest" name="Verify_Login_Page_Elements" time="5.448"/>
  <testcase classname="com.tests.LoginTest" name="Verify_ForgetPassword_Page_Loading" time="6.050"/>
</testsuite> <!-- com.tests.LoginTest -->
